=========================
FCITX 4.2.9.7 -- Get Signal No.: 6
Date: try "date -d @1599642940" if you are using GNU date ***
ProcessID: 1438
fcitx(+0x17d6)[0x56478d4eb7d6]
/usr/lib/libc.so.6(+0x3d6a0)[0x7fa89fe2f6a0]
/usr/lib/libc.so.6(gsignal+0x145)[0x7fa89fe2f615]
/usr/lib/libc.so.6(abort+0x116)[0x7fa89fe18862]
/usr/lib/libc.so.6(+0x7f5e8)[0x7fa89fe715e8]
/usr/lib/libc.so.6(+0x8727a)[0x7fa89fe7927a]
/usr/lib/libc.so.6(+0x8864c)[0x7fa89fe7a64c]
/usr/lib/libX11.so.6(XFree+0xa)[0x7fa89f357c7a]
/usr/lib/fcitx/fcitx-xim.so(+0x5ad5)[0x7fa89c7aaad5]
/usr/lib/fcitx/fcitx-xim.so(+0x453a)[0x7fa89c7a953a]
/usr/lib/libfcitx-core.so.0(FcitxModuleInvokeOnAddon+0x2c)[0x7fa8a002186c]
/usr/lib/fcitx/fcitx-x11.so(+0x3410)[0x7fa8a0038410]
/usr/lib/libfcitx-core.so.0(+0x9612)[0x7fa8a0013612]
/usr/lib/libfcitx-core.so.0(FcitxInstanceRun+0x57)[0x7fa8a0013db7]
fcitx(+0x113e)[0x56478d4eb13e]
/usr/lib/libc.so.6(__libc_start_main+0xf2)[0x7fa89fe1a152]
fcitx(+0x11be)[0x56478d4eb1be]
