[2020-03-16 20:12:17.544] [exthost] [info] extension host started
[2020-03-16 20:12:17.560] [exthost] [info] ExtensionService#_doActivateExtension GrapeCity.gc-excelviewer {"startup":false,"extensionId":{"value":"GrapeCity.gc-excelviewer","_lower":"grapecity.gc-excelviewer"},"activationEvent":"onLanguage:plaintext"}
[2020-03-16 20:12:17.560] [exthost] [info] ExtensionService#loadCommonJSModule file:///home/pisceskkk/.vscode-oss/extensions/grapecity.gc-excelviewer-2.1.34/dist/extension
[2020-03-16 20:12:17.598] [exthost] [info] ExtensionService#_doActivateExtension mechatroner.rainbow-csv {"startup":false,"extensionId":{"value":"mechatroner.rainbow-csv","_lower":"mechatroner.rainbow-csv"},"activationEvent":"onLanguage:plaintext"}
[2020-03-16 20:12:17.598] [exthost] [info] ExtensionService#loadCommonJSModule file:///home/pisceskkk/.vscode-oss/extensions/mechatroner.rainbow-csv-1.6.0/extension
[2020-03-16 20:12:17.602] [exthost] [info] ExtensionService#_doActivateExtension vscode.debug-auto-launch {"startup":true,"extensionId":{"value":"vscode.debug-auto-launch","_lower":"vscode.debug-auto-launch"},"activationEvent":"*"}
[2020-03-16 20:12:17.602] [exthost] [info] ExtensionService#loadCommonJSModule file:///usr/lib/code/extensions/debug-auto-launch/dist/extension
[2020-03-16 20:12:17.607] [exthost] [info] ExtensionService#_doActivateExtension vscode.emmet {"startup":true,"extensionId":{"value":"vscode.emmet","_lower":"vscode.emmet"},"activationEvent":"*"}
[2020-03-16 20:12:17.607] [exthost] [info] ExtensionService#loadCommonJSModule file:///usr/lib/code/extensions/emmet/dist/extension
[2020-03-16 20:12:17.627] [exthost] [info] ExtensionService#_doActivateExtension vscode.git {"startup":true,"extensionId":{"value":"vscode.git","_lower":"vscode.git"},"activationEvent":"*"}
[2020-03-16 20:12:17.627] [exthost] [info] ExtensionService#loadCommonJSModule file:///usr/lib/code/extensions/git/dist/main
[2020-03-16 20:12:17.663] [exthost] [info] ExtensionService#_doActivateExtension vscode.merge-conflict {"startup":true,"extensionId":{"value":"vscode.merge-conflict","_lower":"vscode.merge-conflict"},"activationEvent":"*"}
[2020-03-16 20:12:17.663] [exthost] [info] ExtensionService#loadCommonJSModule file:///usr/lib/code/extensions/merge-conflict/dist/extension
[2020-03-16 20:12:17.667] [exthost] [info] ExtensionService#_doActivateExtension vscode.search-result {"startup":true,"extensionId":{"value":"vscode.search-result","_lower":"vscode.search-result"},"activationEvent":"*"}
[2020-03-16 20:12:17.667] [exthost] [info] ExtensionService#loadCommonJSModule file:///usr/lib/code/extensions/search-result/dist/extension.js
[2020-03-16 20:12:17.668] [exthost] [info] ExtensionService#_doActivateExtension vscode.vscode-account {"startup":true,"extensionId":{"value":"vscode.vscode-account","_lower":"vscode.vscode-account"},"activationEvent":"*"}
[2020-03-16 20:12:17.668] [exthost] [info] ExtensionService#loadCommonJSModule file:///usr/lib/code/extensions/vscode-account/dist/extension.js
[2020-03-16 20:12:17.674] [exthost] [info] ExtensionService#_doActivateExtension alefragnani.Bookmarks {"startup":true,"extensionId":{"value":"alefragnani.Bookmarks","_lower":"alefragnani.bookmarks"},"activationEvent":"*"}
[2020-03-16 20:12:17.674] [exthost] [info] ExtensionService#loadCommonJSModule file:///home/pisceskkk/.vscode-oss/extensions/alefragnani.bookmarks-11.0.0/dist/extension
[2020-03-16 20:12:17.677] [exthost] [info] ExtensionService#_doActivateExtension CoenraadS.bracket-pair-colorizer {"startup":true,"extensionId":{"value":"CoenraadS.bracket-pair-colorizer","_lower":"coenraads.bracket-pair-colorizer"},"activationEvent":"*"}
[2020-03-16 20:12:17.677] [exthost] [info] ExtensionService#loadCommonJSModule file:///home/pisceskkk/.vscode-oss/extensions/coenraads.bracket-pair-colorizer-1.0.61/out/src/extension
[2020-03-16 20:12:17.699] [exthost] [info] ExtensionService#_doActivateExtension eamodio.gitlens {"startup":true,"extensionId":{"value":"eamodio.gitlens","_lower":"eamodio.gitlens"},"activationEvent":"*"}
[2020-03-16 20:12:17.699] [exthost] [info] ExtensionService#loadCommonJSModule file:///home/pisceskkk/.vscode-oss/extensions/eamodio.gitlens-10.2.1/dist/extension
[2020-03-16 20:12:17.745] [exthost] [info] ExtensionService#_doActivateExtension HookyQR.beautify {"startup":true,"extensionId":{"value":"HookyQR.beautify","_lower":"hookyqr.beautify"},"activationEvent":"*"}
[2020-03-16 20:12:17.745] [exthost] [info] ExtensionService#loadCommonJSModule file:///home/pisceskkk/.vscode-oss/extensions/hookyqr.beautify-1.5.0/extension
[2020-03-16 20:12:17.796] [exthost] [info] ExtensionService#_doActivateExtension naumovs.color-highlight {"startup":true,"extensionId":{"value":"naumovs.color-highlight","_lower":"naumovs.color-highlight"},"activationEvent":"*"}
[2020-03-16 20:12:17.796] [exthost] [info] ExtensionService#loadCommonJSModule file:///home/pisceskkk/.vscode-oss/extensions/naumovs.color-highlight-2.3.0/dist/extension
[2020-03-16 20:12:17.802] [exthost] [info] ExtensionService#_doActivateExtension psioniq.psi-header {"startup":true,"extensionId":{"value":"psioniq.psi-header","_lower":"psioniq.psi-header"},"activationEvent":"*"}
[2020-03-16 20:12:17.802] [exthost] [info] ExtensionService#loadCommonJSModule file:///home/pisceskkk/.vscode-oss/extensions/psioniq.psi-header-1.9.1/out/src/extension
[2020-03-16 20:12:17.887] [exthost] [info] ExtensionService#_doActivateExtension shalldie.background {"startup":true,"extensionId":{"value":"shalldie.background","_lower":"shalldie.background"},"activationEvent":"*"}
[2020-03-16 20:12:17.887] [exthost] [info] ExtensionService#loadCommonJSModule file:///home/pisceskkk/.vscode-oss/extensions/shalldie.background-1.1.23/out/extension
[2020-03-16 20:12:17.895] [exthost] [info] ExtensionService#_doActivateExtension Shan.code-settings-sync {"startup":true,"extensionId":{"value":"Shan.code-settings-sync","_lower":"shan.code-settings-sync"},"activationEvent":"*"}
[2020-03-16 20:12:17.895] [exthost] [info] ExtensionService#loadCommonJSModule file:///home/pisceskkk/.vscode-oss/extensions/shan.code-settings-sync-3.4.3/out/extension.js
[2020-03-16 20:12:17.932] [exthost] [info] ExtensionService#_doActivateExtension streetsidesoftware.code-spell-checker {"startup":true,"extensionId":{"value":"streetsidesoftware.code-spell-checker","_lower":"streetsidesoftware.code-spell-checker"},"activationEvent":"*"}
[2020-03-16 20:12:17.932] [exthost] [info] ExtensionService#loadCommonJSModule file:///home/pisceskkk/.vscode-oss/extensions/streetsidesoftware.code-spell-checker-1.8.0/dist/extension
[2020-03-16 20:12:17.948] [exthost] [info] ExtensionService#_doActivateExtension TabNine.tabnine-vscode {"startup":true,"extensionId":{"value":"TabNine.tabnine-vscode","_lower":"tabnine.tabnine-vscode"},"activationEvent":"*"}
[2020-03-16 20:12:17.948] [exthost] [info] ExtensionService#loadCommonJSModule file:///home/pisceskkk/.vscode-oss/extensions/tabnine.tabnine-vscode-2.5.1/out/extension
[2020-03-16 20:12:17.954] [exthost] [info] ExtensionService#_doActivateExtension vscode-icons-team.vscode-icons {"startup":true,"extensionId":{"value":"vscode-icons-team.vscode-icons","_lower":"vscode-icons-team.vscode-icons"},"activationEvent":"*"}
[2020-03-16 20:12:17.954] [exthost] [info] ExtensionService#loadCommonJSModule file:///home/pisceskkk/.vscode-oss/extensions/vscode-icons-team.vscode-icons-10.0.0/dist/src/vscode-icons.bundle.js
[2020-03-16 20:12:17.971] [exthost] [info] ExtensionService#_doActivateExtension vscodevim.vim {"startup":true,"extensionId":{"value":"vscodevim.vim","_lower":"vscodevim.vim"},"activationEvent":"*"}
[2020-03-16 20:12:17.971] [exthost] [info] ExtensionService#loadCommonJSModule file:///home/pisceskkk/.vscode-oss/extensions/vscodevim.vim-1.13.0/out/extension
[2020-03-16 20:12:18.404] [exthost] [info] ExtensionService#_doActivateExtension WakaTime.vscode-wakatime {"startup":true,"extensionId":{"value":"WakaTime.vscode-wakatime","_lower":"wakatime.vscode-wakatime"},"activationEvent":"*"}
[2020-03-16 20:12:18.404] [exthost] [info] ExtensionService#loadCommonJSModule file:///home/pisceskkk/.vscode-oss/extensions/wakatime.vscode-wakatime-4.0.0/dist/extension
[2020-03-16 20:12:18.429] [exthost] [info] eager extensions activated
[2020-03-16 20:12:18.521] [exthost] [error] Activating extension shalldie.background failed due to an error:
[2020-03-16 20:12:18.522] [exthost] [error] Error: EACCES: permission denied, open '/usr/lib/code/out/vs/workbench/workbench.desktop.main.css'
	at Object.openSync (fs.js:447:3)
	at Object.func (electron/js2c/asar.js:138:31)
	at Object.func [as openSync] (electron/js2c/asar.js:138:31)
	at Object.writeFileSync (fs.js:1206:35)
	at Background.saveCssContent (/home/pisceskkk/.vscode-oss/extensions/shalldie.background-1.1.23/out/background.js:106:26)
	at Background.install (/home/pisceskkk/.vscode-oss/extensions/shalldie.background-1.1.23/out/background.js:184:14)
	at Background.initialize (/home/pisceskkk/.vscode-oss/extensions/shalldie.background-1.1.23/out/background.js:120:18)
	at Background.watch (/home/pisceskkk/.vscode-oss/extensions/shalldie.background-1.1.23/out/background.js:227:14)
	at activate (/home/pisceskkk/.vscode-oss/extensions/shalldie.background-1.1.23/out/extension.js:24:53)
	at Function._callActivateOptional (/usr/lib/code/out/vs/workbench/services/extensions/node/extensionHostProcess.js:710:141)
	at Function._callActivate (/usr/lib/code/out/vs/workbench/services/extensions/node/extensionHostProcess.js:709:810)
	at /usr/lib/code/out/vs/workbench/services/extensions/node/extensionHostProcess.js:708:960
[2020-03-16 20:12:18.739] [exthost] [info] ExtensionService#_doActivateExtension vscode.configuration-editing {"startup":false,"extensionId":{"value":"vscode.configuration-editing","_lower":"vscode.configuration-editing"},"activationEvent":"onLanguage:jsonc"}
[2020-03-16 20:12:18.739] [exthost] [info] ExtensionService#loadCommonJSModule file:///usr/lib/code/extensions/configuration-editing/dist/extension
[2020-03-16 20:12:18.748] [exthost] [info] ExtensionService#_doActivateExtension vscode.json-language-features {"startup":false,"extensionId":{"value":"vscode.json-language-features","_lower":"vscode.json-language-features"},"activationEvent":"onLanguage:jsonc"}
[2020-03-16 20:12:18.748] [exthost] [info] ExtensionService#loadCommonJSModule file:///usr/lib/code/extensions/json-language-features/client/dist/jsonMain
[2020-03-16 20:12:18.760] [exthost] [info] ExtensionService#_doActivateExtension vscode.typescript-language-features {"startup":false,"extensionId":{"value":"vscode.typescript-language-features","_lower":"vscode.typescript-language-features"},"activationEvent":"onLanguage:jsonc"}
[2020-03-16 20:12:18.760] [exthost] [info] ExtensionService#loadCommonJSModule file:///usr/lib/code/extensions/typescript-language-features/dist/extension
[2020-03-16 20:23:14.718] [exthost] [warning] TextEditor is closed/disposed
[2020-03-16 20:23:14.718] [exthost] [warning] TextEditor is closed/disposed
