00:00:00.005315 main     VirtualBox XPCOM Server 6.1.4 r136177 linux.amd64 (Mar  9 2020 22:39:15) release log
00:00:00.005316 main     Log opened 2020-03-18T04:52:03.285258000Z
00:00:00.005317 main     Build Type: release
00:00:00.005318 main     OS Product: Linux
00:00:00.005319 main     OS Release: 5.5.8-arch1-1
00:00:00.005320 main     OS Version: #1 SMP PREEMPT Fri, 06 Mar 2020 00:57:33 +0000
00:00:00.005337 main     DMI Product Name: 911Targa
00:00:00.005347 main     DMI Product Version: Default string
00:00:00.005350 main     Firmware type: UEFI
00:00:00.006123 main     Secure Boot: Disabled
00:00:00.006149 main     Host RAM: 7849MB (7.6GB) total, 7405MB (7.2GB) available
00:00:00.006151 main     Executable: /usr/lib/virtualbox/VBoxSVC
00:00:00.006151 main     Process ID: 1526
00:00:00.006152 main     Package type: LINUX_64BITS_GENERIC (OSE)
00:00:00.007282 main     IPC socket path: /tmp/.vbox-pisceskkk-ipc/ipcd
00:00:00.118354 nspr-2   VirtualBox: object creation starts
00:00:00.118570 nspr-2   Home directory: '/home/pisceskkk/.config/VirtualBox'
00:00:00.119581 nspr-2   Loading settings file "/home/pisceskkk/.config/VirtualBox/VirtualBox.xml" with version "1.12-linux"
00:00:00.138798 nspr-2   NetIfAdpCtlOut: VBoxNetAdpCtl: Error while retrieving link speed for wlo1: VBoxNetAdpCtl: ioctl failed: Operation not supported
00:00:00.140092 nspr-2   HostDnsMonitor: initializing
00:00:00.140227 nspr-2   NAT: resolv.conf: nameserver 192.168.1.1
00:00:00.140236 nspr-2   HostDnsMonitor: updating information
00:00:00.140244 nspr-2   HostDnsMonitor: old information
00:00:00.140246 nspr-2     no server entries
00:00:00.140248 nspr-2     no domain set
00:00:00.140249 nspr-2     no search string entries
00:00:00.140251 nspr-2   HostDnsMonitor: new information
00:00:00.140252 nspr-2     server 1: 192.168.1.1
00:00:00.140254 nspr-2     no domain set
00:00:00.140255 nspr-2     no search string entries
00:00:00.145195 nspr-2   VD: VDInit finished with VINF_SUCCESS
00:00:00.156582 nspr-2   Loading settings file "/home/pisceskkk/VirtualBox VMs/ubuntu/ubuntu.vbox" with version "1.17-linux"
00:00:00.158248 nspr-2   Loading settings file "/home/pisceskkk/VirtualBox VMs/win10/win10.vbox" with version "1.17-linux"
00:00:00.159629 nspr-2   VirtualBox: object created
00:00:00.917239 nspr-2   WARNING [COM]: aRC=NS_ERROR_FAILURE (0x80004005) aIID={16ced992-5fdc-4aba-aff5-6a39bbd7c38b} aComponent={HostWrap} aText={VirtualBox is not currently allowed to access USB devices.  You can change this by adding your user to the 'vboxusers' group.  Please see the user manual for a more detailed explanation}, preserve=true  aResultDetail=0
00:00:01.004731 nspr-2   WARNING [COM]: aRC=NS_ERROR_FAILURE (0x80004005) aIID={16ced992-5fdc-4aba-aff5-6a39bbd7c38b} aComponent={HostWrap} aText={VirtualBox is not currently allowed to access USB devices.  You can change this by adding your user to the 'vboxusers' group.  Please see the user manual for a more detailed explanation}, preserve=true  aResultDetail=0
00:00:01.005391 nspr-3   WARNING [COM]: aRC=NS_ERROR_FAILURE (0x80004005) aIID={16ced992-5fdc-4aba-aff5-6a39bbd7c38b} aComponent={HostWrap} aText={VirtualBox is not currently allowed to access USB devices.  You can change this by adding your user to the 'vboxusers' group.  Please see the user manual for a more detailed explanation}, preserve=true  aResultDetail=0
