[2020-03-18 14:29:20.812] [exthost] [info] extension host started
[2020-03-18 14:29:20.840] [exthost] [info] ExtensionService#_doActivateExtension vscode.debug-auto-launch {"startup":true,"extensionId":{"value":"vscode.debug-auto-launch","_lower":"vscode.debug-auto-launch"},"activationEvent":"*"}
[2020-03-18 14:29:20.842] [exthost] [info] ExtensionService#loadCommonJSModule file:///usr/lib/code/extensions/debug-auto-launch/dist/extension
[2020-03-18 14:29:20.849] [exthost] [info] ExtensionService#_doActivateExtension vscode.emmet {"startup":true,"extensionId":{"value":"vscode.emmet","_lower":"vscode.emmet"},"activationEvent":"*"}
[2020-03-18 14:29:20.849] [exthost] [info] ExtensionService#loadCommonJSModule file:///usr/lib/code/extensions/emmet/dist/extension
[2020-03-18 14:29:20.881] [exthost] [info] ExtensionService#_doActivateExtension vscode.git {"startup":true,"extensionId":{"value":"vscode.git","_lower":"vscode.git"},"activationEvent":"*"}
[2020-03-18 14:29:20.881] [exthost] [info] ExtensionService#loadCommonJSModule file:///usr/lib/code/extensions/git/dist/main
[2020-03-18 14:29:20.940] [exthost] [info] ExtensionService#_doActivateExtension vscode.merge-conflict {"startup":true,"extensionId":{"value":"vscode.merge-conflict","_lower":"vscode.merge-conflict"},"activationEvent":"*"}
[2020-03-18 14:29:20.940] [exthost] [info] ExtensionService#loadCommonJSModule file:///usr/lib/code/extensions/merge-conflict/dist/extension
[2020-03-18 14:29:20.944] [exthost] [info] ExtensionService#_doActivateExtension vscode.search-result {"startup":true,"extensionId":{"value":"vscode.search-result","_lower":"vscode.search-result"},"activationEvent":"*"}
[2020-03-18 14:29:20.944] [exthost] [info] ExtensionService#loadCommonJSModule file:///usr/lib/code/extensions/search-result/dist/extension.js
[2020-03-18 14:29:20.945] [exthost] [info] ExtensionService#_doActivateExtension vscode.vscode-account {"startup":true,"extensionId":{"value":"vscode.vscode-account","_lower":"vscode.vscode-account"},"activationEvent":"*"}
[2020-03-18 14:29:20.945] [exthost] [info] ExtensionService#loadCommonJSModule file:///usr/lib/code/extensions/vscode-account/dist/extension.js
[2020-03-18 14:29:20.948] [exthost] [info] ExtensionService#_doActivateExtension alefragnani.Bookmarks {"startup":true,"extensionId":{"value":"alefragnani.Bookmarks","_lower":"alefragnani.bookmarks"},"activationEvent":"*"}
[2020-03-18 14:29:20.948] [exthost] [info] ExtensionService#loadCommonJSModule file:///home/pisceskkk/.vscode-oss/extensions/alefragnani.bookmarks-11.0.0/dist/extension
[2020-03-18 14:29:20.950] [exthost] [info] ExtensionService#_doActivateExtension CoenraadS.bracket-pair-colorizer {"startup":true,"extensionId":{"value":"CoenraadS.bracket-pair-colorizer","_lower":"coenraads.bracket-pair-colorizer"},"activationEvent":"*"}
[2020-03-18 14:29:20.950] [exthost] [info] ExtensionService#loadCommonJSModule file:///home/pisceskkk/.vscode-oss/extensions/coenraads.bracket-pair-colorizer-1.0.61/out/src/extension
[2020-03-18 14:29:20.965] [exthost] [info] ExtensionService#_doActivateExtension eamodio.gitlens {"startup":true,"extensionId":{"value":"eamodio.gitlens","_lower":"eamodio.gitlens"},"activationEvent":"*"}
[2020-03-18 14:29:20.965] [exthost] [info] ExtensionService#loadCommonJSModule file:///home/pisceskkk/.vscode-oss/extensions/eamodio.gitlens-10.2.1/dist/extension
[2020-03-18 14:29:21.023] [exthost] [info] ExtensionService#_doActivateExtension HookyQR.beautify {"startup":true,"extensionId":{"value":"HookyQR.beautify","_lower":"hookyqr.beautify"},"activationEvent":"*"}
[2020-03-18 14:29:21.023] [exthost] [info] ExtensionService#loadCommonJSModule file:///home/pisceskkk/.vscode-oss/extensions/hookyqr.beautify-1.5.0/extension
[2020-03-18 14:29:21.070] [exthost] [info] ExtensionService#_doActivateExtension naumovs.color-highlight {"startup":true,"extensionId":{"value":"naumovs.color-highlight","_lower":"naumovs.color-highlight"},"activationEvent":"*"}
[2020-03-18 14:29:21.070] [exthost] [info] ExtensionService#loadCommonJSModule file:///home/pisceskkk/.vscode-oss/extensions/naumovs.color-highlight-2.3.0/dist/extension
[2020-03-18 14:29:21.075] [exthost] [info] ExtensionService#_doActivateExtension psioniq.psi-header {"startup":true,"extensionId":{"value":"psioniq.psi-header","_lower":"psioniq.psi-header"},"activationEvent":"*"}
[2020-03-18 14:29:21.075] [exthost] [info] ExtensionService#loadCommonJSModule file:///home/pisceskkk/.vscode-oss/extensions/psioniq.psi-header-1.9.1/out/src/extension
[2020-03-18 14:29:21.204] [exthost] [info] ExtensionService#_doActivateExtension shalldie.background {"startup":true,"extensionId":{"value":"shalldie.background","_lower":"shalldie.background"},"activationEvent":"*"}
[2020-03-18 14:29:21.204] [exthost] [info] ExtensionService#loadCommonJSModule file:///home/pisceskkk/.vscode-oss/extensions/shalldie.background-1.1.23/out/extension
[2020-03-18 14:29:21.210] [exthost] [info] ExtensionService#_doActivateExtension Shan.code-settings-sync {"startup":true,"extensionId":{"value":"Shan.code-settings-sync","_lower":"shan.code-settings-sync"},"activationEvent":"*"}
[2020-03-18 14:29:21.210] [exthost] [info] ExtensionService#loadCommonJSModule file:///home/pisceskkk/.vscode-oss/extensions/shan.code-settings-sync-3.4.3/out/extension.js
[2020-03-18 14:29:21.244] [exthost] [info] ExtensionService#_doActivateExtension streetsidesoftware.code-spell-checker {"startup":true,"extensionId":{"value":"streetsidesoftware.code-spell-checker","_lower":"streetsidesoftware.code-spell-checker"},"activationEvent":"*"}
[2020-03-18 14:29:21.244] [exthost] [info] ExtensionService#loadCommonJSModule file:///home/pisceskkk/.vscode-oss/extensions/streetsidesoftware.code-spell-checker-1.8.0/dist/extension
[2020-03-18 14:29:21.264] [exthost] [info] ExtensionService#_doActivateExtension TabNine.tabnine-vscode {"startup":true,"extensionId":{"value":"TabNine.tabnine-vscode","_lower":"tabnine.tabnine-vscode"},"activationEvent":"*"}
[2020-03-18 14:29:21.264] [exthost] [info] ExtensionService#loadCommonJSModule file:///home/pisceskkk/.vscode-oss/extensions/tabnine.tabnine-vscode-2.5.1/out/extension
[2020-03-18 14:29:21.273] [exthost] [info] ExtensionService#_doActivateExtension vscode-icons-team.vscode-icons {"startup":true,"extensionId":{"value":"vscode-icons-team.vscode-icons","_lower":"vscode-icons-team.vscode-icons"},"activationEvent":"*"}
[2020-03-18 14:29:21.273] [exthost] [info] ExtensionService#loadCommonJSModule file:///home/pisceskkk/.vscode-oss/extensions/vscode-icons-team.vscode-icons-10.0.0/dist/src/vscode-icons.bundle.js
[2020-03-18 14:29:21.296] [exthost] [info] ExtensionService#_doActivateExtension vscodevim.vim {"startup":true,"extensionId":{"value":"vscodevim.vim","_lower":"vscodevim.vim"},"activationEvent":"*"}
[2020-03-18 14:29:21.296] [exthost] [info] ExtensionService#loadCommonJSModule file:///home/pisceskkk/.vscode-oss/extensions/vscodevim.vim-1.13.0/out/extension
[2020-03-18 14:29:21.813] [exthost] [info] ExtensionService#_doActivateExtension WakaTime.vscode-wakatime {"startup":true,"extensionId":{"value":"WakaTime.vscode-wakatime","_lower":"wakatime.vscode-wakatime"},"activationEvent":"*"}
[2020-03-18 14:29:21.813] [exthost] [info] ExtensionService#loadCommonJSModule file:///home/pisceskkk/.vscode-oss/extensions/wakatime.vscode-wakatime-4.0.0/dist/extension
[2020-03-18 14:29:21.845] [exthost] [info] eager extensions activated
[2020-03-18 14:29:21.947] [exthost] [error] Activating extension shalldie.background failed due to an error:
[2020-03-18 14:29:21.949] [exthost] [error] Error: EACCES: permission denied, open '/usr/lib/code/out/vs/workbench/workbench.desktop.main.css'
	at Object.openSync (fs.js:447:3)
	at Object.func (electron/js2c/asar.js:138:31)
	at Object.func [as openSync] (electron/js2c/asar.js:138:31)
	at Object.writeFileSync (fs.js:1206:35)
	at Background.saveCssContent (/home/pisceskkk/.vscode-oss/extensions/shalldie.background-1.1.23/out/background.js:106:26)
	at Background.install (/home/pisceskkk/.vscode-oss/extensions/shalldie.background-1.1.23/out/background.js:184:14)
	at Background.initialize (/home/pisceskkk/.vscode-oss/extensions/shalldie.background-1.1.23/out/background.js:120:18)
	at Background.watch (/home/pisceskkk/.vscode-oss/extensions/shalldie.background-1.1.23/out/background.js:227:14)
	at activate (/home/pisceskkk/.vscode-oss/extensions/shalldie.background-1.1.23/out/extension.js:24:53)
	at Function._callActivateOptional (/usr/lib/code/out/vs/workbench/services/extensions/node/extensionHostProcess.js:710:141)
	at Function._callActivate (/usr/lib/code/out/vs/workbench/services/extensions/node/extensionHostProcess.js:709:810)
	at /usr/lib/code/out/vs/workbench/services/extensions/node/extensionHostProcess.js:708:960
[2020-03-18 14:29:47.910] [exthost] [info] extension host started
[2020-03-18 14:29:47.926] [exthost] [info] ExtensionService#_doActivateExtension GrapeCity.gc-excelviewer {"startup":false,"extensionId":{"value":"GrapeCity.gc-excelviewer","_lower":"grapecity.gc-excelviewer"},"activationEvent":"onLanguage:plaintext"}
[2020-03-18 14:29:47.926] [exthost] [info] ExtensionService#loadCommonJSModule file:///home/pisceskkk/.vscode-oss/extensions/grapecity.gc-excelviewer-2.1.34/dist/extension
[2020-03-18 14:29:47.972] [exthost] [info] ExtensionService#_doActivateExtension mechatroner.rainbow-csv {"startup":false,"extensionId":{"value":"mechatroner.rainbow-csv","_lower":"mechatroner.rainbow-csv"},"activationEvent":"onLanguage:plaintext"}
[2020-03-18 14:29:47.972] [exthost] [info] ExtensionService#loadCommonJSModule file:///home/pisceskkk/.vscode-oss/extensions/mechatroner.rainbow-csv-1.6.0/extension
[2020-03-18 14:29:47.977] [exthost] [info] ExtensionService#_doActivateExtension vscode.debug-auto-launch {"startup":true,"extensionId":{"value":"vscode.debug-auto-launch","_lower":"vscode.debug-auto-launch"},"activationEvent":"*"}
[2020-03-18 14:29:47.977] [exthost] [info] ExtensionService#loadCommonJSModule file:///usr/lib/code/extensions/debug-auto-launch/dist/extension
[2020-03-18 14:29:47.979] [exthost] [info] ExtensionService#_doActivateExtension vscode.emmet {"startup":true,"extensionId":{"value":"vscode.emmet","_lower":"vscode.emmet"},"activationEvent":"*"}
[2020-03-18 14:29:47.979] [exthost] [info] ExtensionService#loadCommonJSModule file:///usr/lib/code/extensions/emmet/dist/extension
[2020-03-18 14:29:47.996] [exthost] [info] ExtensionService#_doActivateExtension vscode.git {"startup":true,"extensionId":{"value":"vscode.git","_lower":"vscode.git"},"activationEvent":"*"}
[2020-03-18 14:29:47.996] [exthost] [info] ExtensionService#loadCommonJSModule file:///usr/lib/code/extensions/git/dist/main
[2020-03-18 14:29:48.028] [exthost] [info] ExtensionService#_doActivateExtension vscode.merge-conflict {"startup":true,"extensionId":{"value":"vscode.merge-conflict","_lower":"vscode.merge-conflict"},"activationEvent":"*"}
[2020-03-18 14:29:48.028] [exthost] [info] ExtensionService#loadCommonJSModule file:///usr/lib/code/extensions/merge-conflict/dist/extension
[2020-03-18 14:29:48.031] [exthost] [info] ExtensionService#_doActivateExtension vscode.search-result {"startup":true,"extensionId":{"value":"vscode.search-result","_lower":"vscode.search-result"},"activationEvent":"*"}
[2020-03-18 14:29:48.031] [exthost] [info] ExtensionService#loadCommonJSModule file:///usr/lib/code/extensions/search-result/dist/extension.js
[2020-03-18 14:29:48.031] [exthost] [info] ExtensionService#_doActivateExtension vscode.vscode-account {"startup":true,"extensionId":{"value":"vscode.vscode-account","_lower":"vscode.vscode-account"},"activationEvent":"*"}
[2020-03-18 14:29:48.031] [exthost] [info] ExtensionService#loadCommonJSModule file:///usr/lib/code/extensions/vscode-account/dist/extension.js
[2020-03-18 14:29:48.040] [exthost] [info] ExtensionService#_doActivateExtension alefragnani.Bookmarks {"startup":true,"extensionId":{"value":"alefragnani.Bookmarks","_lower":"alefragnani.bookmarks"},"activationEvent":"*"}
[2020-03-18 14:29:48.040] [exthost] [info] ExtensionService#loadCommonJSModule file:///home/pisceskkk/.vscode-oss/extensions/alefragnani.bookmarks-11.0.0/dist/extension
[2020-03-18 14:29:48.043] [exthost] [info] ExtensionService#_doActivateExtension CoenraadS.bracket-pair-colorizer {"startup":true,"extensionId":{"value":"CoenraadS.bracket-pair-colorizer","_lower":"coenraads.bracket-pair-colorizer"},"activationEvent":"*"}
[2020-03-18 14:29:48.043] [exthost] [info] ExtensionService#loadCommonJSModule file:///home/pisceskkk/.vscode-oss/extensions/coenraads.bracket-pair-colorizer-1.0.61/out/src/extension
[2020-03-18 14:29:48.054] [exthost] [info] ExtensionService#_doActivateExtension eamodio.gitlens {"startup":true,"extensionId":{"value":"eamodio.gitlens","_lower":"eamodio.gitlens"},"activationEvent":"*"}
[2020-03-18 14:29:48.054] [exthost] [info] ExtensionService#loadCommonJSModule file:///home/pisceskkk/.vscode-oss/extensions/eamodio.gitlens-10.2.1/dist/extension
[2020-03-18 14:29:48.098] [exthost] [info] ExtensionService#_doActivateExtension HookyQR.beautify {"startup":true,"extensionId":{"value":"HookyQR.beautify","_lower":"hookyqr.beautify"},"activationEvent":"*"}
[2020-03-18 14:29:48.098] [exthost] [info] ExtensionService#loadCommonJSModule file:///home/pisceskkk/.vscode-oss/extensions/hookyqr.beautify-1.5.0/extension
[2020-03-18 14:29:48.116] [exthost] [info] ExtensionService#_doActivateExtension naumovs.color-highlight {"startup":true,"extensionId":{"value":"naumovs.color-highlight","_lower":"naumovs.color-highlight"},"activationEvent":"*"}
[2020-03-18 14:29:48.116] [exthost] [info] ExtensionService#loadCommonJSModule file:///home/pisceskkk/.vscode-oss/extensions/naumovs.color-highlight-2.3.0/dist/extension
[2020-03-18 14:29:48.120] [exthost] [info] ExtensionService#_doActivateExtension psioniq.psi-header {"startup":true,"extensionId":{"value":"psioniq.psi-header","_lower":"psioniq.psi-header"},"activationEvent":"*"}
[2020-03-18 14:29:48.120] [exthost] [info] ExtensionService#loadCommonJSModule file:///home/pisceskkk/.vscode-oss/extensions/psioniq.psi-header-1.9.1/out/src/extension
[2020-03-18 14:29:48.157] [exthost] [info] ExtensionService#_doActivateExtension shalldie.background {"startup":true,"extensionId":{"value":"shalldie.background","_lower":"shalldie.background"},"activationEvent":"*"}
[2020-03-18 14:29:48.157] [exthost] [info] ExtensionService#loadCommonJSModule file:///home/pisceskkk/.vscode-oss/extensions/shalldie.background-1.1.23/out/extension
[2020-03-18 14:29:48.160] [exthost] [info] ExtensionService#_doActivateExtension Shan.code-settings-sync {"startup":true,"extensionId":{"value":"Shan.code-settings-sync","_lower":"shan.code-settings-sync"},"activationEvent":"*"}
[2020-03-18 14:29:48.160] [exthost] [info] ExtensionService#loadCommonJSModule file:///home/pisceskkk/.vscode-oss/extensions/shan.code-settings-sync-3.4.3/out/extension.js
[2020-03-18 14:29:48.200] [exthost] [info] ExtensionService#_doActivateExtension streetsidesoftware.code-spell-checker {"startup":true,"extensionId":{"value":"streetsidesoftware.code-spell-checker","_lower":"streetsidesoftware.code-spell-checker"},"activationEvent":"*"}
[2020-03-18 14:29:48.200] [exthost] [info] ExtensionService#loadCommonJSModule file:///home/pisceskkk/.vscode-oss/extensions/streetsidesoftware.code-spell-checker-1.8.0/dist/extension
[2020-03-18 14:29:48.213] [exthost] [info] ExtensionService#_doActivateExtension TabNine.tabnine-vscode {"startup":true,"extensionId":{"value":"TabNine.tabnine-vscode","_lower":"tabnine.tabnine-vscode"},"activationEvent":"*"}
[2020-03-18 14:29:48.213] [exthost] [info] ExtensionService#loadCommonJSModule file:///home/pisceskkk/.vscode-oss/extensions/tabnine.tabnine-vscode-2.5.1/out/extension
[2020-03-18 14:29:48.216] [exthost] [info] ExtensionService#_doActivateExtension vscode-icons-team.vscode-icons {"startup":true,"extensionId":{"value":"vscode-icons-team.vscode-icons","_lower":"vscode-icons-team.vscode-icons"},"activationEvent":"*"}
[2020-03-18 14:29:48.216] [exthost] [info] ExtensionService#loadCommonJSModule file:///home/pisceskkk/.vscode-oss/extensions/vscode-icons-team.vscode-icons-10.0.0/dist/src/vscode-icons.bundle.js
[2020-03-18 14:29:48.229] [exthost] [info] ExtensionService#_doActivateExtension vscodevim.vim {"startup":true,"extensionId":{"value":"vscodevim.vim","_lower":"vscodevim.vim"},"activationEvent":"*"}
[2020-03-18 14:29:48.229] [exthost] [info] ExtensionService#loadCommonJSModule file:///home/pisceskkk/.vscode-oss/extensions/vscodevim.vim-1.13.0/out/extension
[2020-03-18 14:29:48.445] [exthost] [info] ExtensionService#_doActivateExtension WakaTime.vscode-wakatime {"startup":true,"extensionId":{"value":"WakaTime.vscode-wakatime","_lower":"wakatime.vscode-wakatime"},"activationEvent":"*"}
[2020-03-18 14:29:48.445] [exthost] [info] ExtensionService#loadCommonJSModule file:///home/pisceskkk/.vscode-oss/extensions/wakatime.vscode-wakatime-4.0.0/dist/extension
[2020-03-18 14:29:48.467] [exthost] [info] ExtensionService#_doActivateExtension yzhang.markdown-all-in-one {"startup":true,"extensionId":{"value":"yzhang.markdown-all-in-one","_lower":"yzhang.markdown-all-in-one"},"activationEvent":"workspaceContains:README.md"}
[2020-03-18 14:29:48.467] [exthost] [info] ExtensionService#loadCommonJSModule file:///home/pisceskkk/.vscode-oss/extensions/yzhang.markdown-all-in-one-2.7.0/dist/extension
[2020-03-18 14:29:48.547] [exthost] [error] Activating extension shalldie.background failed due to an error:
[2020-03-18 14:29:48.548] [exthost] [error] Error: EACCES: permission denied, open '/usr/lib/code/out/vs/workbench/workbench.desktop.main.css'
	at Object.openSync (fs.js:447:3)
	at Object.func (electron/js2c/asar.js:138:31)
	at Object.func [as openSync] (electron/js2c/asar.js:138:31)
	at Object.writeFileSync (fs.js:1206:35)
	at Background.saveCssContent (/home/pisceskkk/.vscode-oss/extensions/shalldie.background-1.1.23/out/background.js:106:26)
	at Background.install (/home/pisceskkk/.vscode-oss/extensions/shalldie.background-1.1.23/out/background.js:184:14)
	at Background.initialize (/home/pisceskkk/.vscode-oss/extensions/shalldie.background-1.1.23/out/background.js:120:18)
	at Background.watch (/home/pisceskkk/.vscode-oss/extensions/shalldie.background-1.1.23/out/background.js:227:14)
	at activate (/home/pisceskkk/.vscode-oss/extensions/shalldie.background-1.1.23/out/extension.js:24:53)
	at Function._callActivateOptional (/usr/lib/code/out/vs/workbench/services/extensions/node/extensionHostProcess.js:710:141)
	at Function._callActivate (/usr/lib/code/out/vs/workbench/services/extensions/node/extensionHostProcess.js:709:810)
	at /usr/lib/code/out/vs/workbench/services/extensions/node/extensionHostProcess.js:708:960
[2020-03-18 14:29:48.749] [exthost] [info] eager extensions activated
[2020-03-18 14:29:49.661] [exthost] [info] ExtensionService#_doActivateExtension vscode.extension-editing {"startup":false,"extensionId":{"value":"vscode.extension-editing","_lower":"vscode.extension-editing"},"activationEvent":"onLanguage:markdown"}
[2020-03-18 14:29:49.661] [exthost] [info] ExtensionService#loadCommonJSModule file:///usr/lib/code/extensions/extension-editing/dist/extension
[2020-03-18 14:29:49.666] [exthost] [info] ExtensionService#_doActivateExtension vscode.markdown-language-features {"startup":false,"extensionId":{"value":"vscode.markdown-language-features","_lower":"vscode.markdown-language-features"},"activationEvent":"onLanguage:markdown"}
[2020-03-18 14:29:49.666] [exthost] [info] ExtensionService#loadCommonJSModule file:///usr/lib/code/extensions/markdown-language-features/dist/extension
[2020-03-18 14:29:49.694] [exthost] [info] ExtensionService#_doActivateExtension DavidAnson.vscode-markdownlint {"startup":false,"extensionId":{"value":"DavidAnson.vscode-markdownlint","_lower":"davidanson.vscode-markdownlint"},"activationEvent":"onLanguage:markdown"}
[2020-03-18 14:29:49.694] [exthost] [info] ExtensionService#loadCommonJSModule file:///home/pisceskkk/.vscode-oss/extensions/davidanson.vscode-markdownlint-0.34.0/bundle
[2020-03-18 14:29:49.900] [exthost] [info] ExtensionService#_doActivateExtension vscode.configuration-editing {"startup":false,"extensionId":{"value":"vscode.configuration-editing","_lower":"vscode.configuration-editing"},"activationEvent":"onLanguage:jsonc"}
[2020-03-18 14:29:49.900] [exthost] [info] ExtensionService#loadCommonJSModule file:///usr/lib/code/extensions/configuration-editing/dist/extension
[2020-03-18 14:29:49.902] [exthost] [info] ExtensionService#_doActivateExtension vscode.json-language-features {"startup":false,"extensionId":{"value":"vscode.json-language-features","_lower":"vscode.json-language-features"},"activationEvent":"onLanguage:jsonc"}
[2020-03-18 14:29:49.902] [exthost] [info] ExtensionService#loadCommonJSModule file:///usr/lib/code/extensions/json-language-features/client/dist/jsonMain
[2020-03-18 14:29:49.910] [exthost] [info] ExtensionService#_doActivateExtension vscode.typescript-language-features {"startup":false,"extensionId":{"value":"vscode.typescript-language-features","_lower":"vscode.typescript-language-features"},"activationEvent":"onLanguage:jsonc"}
[2020-03-18 14:29:49.910] [exthost] [info] ExtensionService#loadCommonJSModule file:///usr/lib/code/extensions/typescript-language-features/dist/extension
[2020-03-18 14:30:00.849] [exthost] [warning] DavidAnson.vscode-markdownlint - Code actions of kind 'quickfix 'requested but returned code action is of kind 'source.fixAll.markdownlint'. Code action will be dropped. Please check 'CodeActionContext.only' to only return requested code actions.
[2020-03-18 14:30:02.415] [exthost] [warning] DavidAnson.vscode-markdownlint - Code actions of kind 'quickfix 'requested but returned code action is of kind 'source.fixAll.markdownlint'. Code action will be dropped. Please check 'CodeActionContext.only' to only return requested code actions.
[2020-03-18 14:34:32.874] [exthost] [warning] DavidAnson.vscode-markdownlint - Code actions of kind 'quickfix 'requested but returned code action is of kind 'source.fixAll.markdownlint'. Code action will be dropped. Please check 'CodeActionContext.only' to only return requested code actions.
[2020-03-18 14:41:34.710] [exthost] [warning] TextEditor is closed/disposed
[2020-03-18 14:41:34.710] [exthost] [warning] TextEditor is closed/disposed
