[2020-03-16 11:36:04.616] [sharedprocess] [info] main {"machineId":"32960a7f6ab36f7413888dd4931a6b2f581073cd5ffede0c43c6985b446bdfd1","windowId":2}
[2020-03-16 11:36:44.620] [sharedprocess] [info] Starting to clean up unused language packs.
[2020-03-16 12:46:09.850] [sharedprocess] [info] Installing extension: shalldie.background
[2020-03-16 12:46:12.506] [sharedprocess] [info] Downloaded extension: shalldie.background /tmp/2b5bfaa8-5cda-4402-aeb2-384e565dc818
[2020-03-16 12:46:12.571] [sharedprocess] [info] Extracted extension to /home/pisceskkk/.vscode-oss/extensions/.shalldie.background-1.1.23: shalldie.background
[2020-03-16 12:46:12.571] [sharedprocess] [info] Renamed to /home/pisceskkk/.vscode-oss/extensions/shalldie.background-1.1.23
[2020-03-16 12:46:12.572] [sharedprocess] [info] Installation completed. shalldie.background
[2020-03-16 12:46:12.575] [sharedprocess] [info] Extensions installed successfully: shalldie.background
[2020-03-16 12:46:13.248] [sharedprocess] [info] Installing extension: hookyqr.beautify
[2020-03-16 12:46:14.800] [sharedprocess] [info] Downloaded extension: hookyqr.beautify /tmp/9585d0bb-74bd-4818-9324-26b7db9ea0f6
[2020-03-16 12:46:15.217] [sharedprocess] [info] Extracted extension to /home/pisceskkk/.vscode-oss/extensions/.hookyqr.beautify-1.5.0: hookyqr.beautify
[2020-03-16 12:46:15.217] [sharedprocess] [info] Renamed to /home/pisceskkk/.vscode-oss/extensions/hookyqr.beautify-1.5.0
[2020-03-16 12:46:15.218] [sharedprocess] [info] Installation completed. hookyqr.beautify
[2020-03-16 12:46:15.225] [sharedprocess] [info] Extensions installed successfully: hookyqr.beautify
[2020-03-16 12:46:15.604] [sharedprocess] [info] Installing extension: alefragnani.bookmarks
[2020-03-16 12:46:18.348] [sharedprocess] [info] Downloaded extension: alefragnani.bookmarks /tmp/a474ad0e-f746-42b1-940d-5a360785da37
[2020-03-16 12:46:18.467] [sharedprocess] [info] Extracted extension to /home/pisceskkk/.vscode-oss/extensions/.alefragnani.bookmarks-11.0.0: alefragnani.bookmarks
[2020-03-16 12:46:18.467] [sharedprocess] [info] Renamed to /home/pisceskkk/.vscode-oss/extensions/alefragnani.bookmarks-11.0.0
[2020-03-16 12:46:18.467] [sharedprocess] [info] Installation completed. alefragnani.bookmarks
[2020-03-16 12:46:18.475] [sharedprocess] [info] Extensions installed successfully: alefragnani.bookmarks
[2020-03-16 12:46:18.988] [sharedprocess] [info] Installing extension: coenraads.bracket-pair-colorizer
[2020-03-16 12:46:20.109] [sharedprocess] [info] Downloaded extension: coenraads.bracket-pair-colorizer /tmp/636f039a-5971-485f-b8b0-735feb331232
[2020-03-16 12:46:20.700] [sharedprocess] [info] Extracted extension to /home/pisceskkk/.vscode-oss/extensions/.coenraads.bracket-pair-colorizer-1.0.61: coenraads.bracket-pair-colorizer
[2020-03-16 12:46:20.700] [sharedprocess] [info] Renamed to /home/pisceskkk/.vscode-oss/extensions/coenraads.bracket-pair-colorizer-1.0.61
[2020-03-16 12:46:20.701] [sharedprocess] [info] Installation completed. coenraads.bracket-pair-colorizer
[2020-03-16 12:46:20.709] [sharedprocess] [info] Extensions installed successfully: coenraads.bracket-pair-colorizer
[2020-03-16 12:46:20.974] [sharedprocess] [info] Installing extension: austin.code-gnu-global
[2020-03-16 12:46:22.845] [sharedprocess] [info] Downloaded extension: austin.code-gnu-global /tmp/4a6c6f46-178a-4b4a-ba47-b98c34a93ee1
[2020-03-16 12:46:22.932] [sharedprocess] [info] Extracted extension to /home/pisceskkk/.vscode-oss/extensions/.austin.code-gnu-global-0.2.2: austin.code-gnu-global
[2020-03-16 12:46:22.932] [sharedprocess] [info] Renamed to /home/pisceskkk/.vscode-oss/extensions/austin.code-gnu-global-0.2.2
[2020-03-16 12:46:22.932] [sharedprocess] [info] Installation completed. austin.code-gnu-global
[2020-03-16 12:46:22.936] [sharedprocess] [info] Extensions installed successfully: austin.code-gnu-global
[2020-03-16 12:46:23.370] [sharedprocess] [info] Installing extension: formulahendry.code-runner
[2020-03-16 12:46:24.430] [sharedprocess] [info] Downloaded extension: formulahendry.code-runner /tmp/30d52b25-c661-424b-bc91-18452da37146
[2020-03-16 12:46:24.653] [sharedprocess] [info] Extracted extension to /home/pisceskkk/.vscode-oss/extensions/.formulahendry.code-runner-0.9.17: formulahendry.code-runner
[2020-03-16 12:46:24.654] [sharedprocess] [info] Renamed to /home/pisceskkk/.vscode-oss/extensions/formulahendry.code-runner-0.9.17
[2020-03-16 12:46:24.656] [sharedprocess] [info] Installation completed. formulahendry.code-runner
[2020-03-16 12:46:24.663] [sharedprocess] [info] Extensions installed successfully: formulahendry.code-runner
[2020-03-16 12:46:25.161] [sharedprocess] [info] Installing extension: streetsidesoftware.code-spell-checker
[2020-03-16 12:46:28.511] [sharedprocess] [info] Downloaded extension: streetsidesoftware.code-spell-checker /tmp/0e3fdb9c-50e5-4e49-8c37-39b8480c1b1e
[2020-03-16 13:01:05.139] [sharedprocess] [info] Extracted extension to /home/pisceskkk/.vscode-oss/extensions/.streetsidesoftware.code-spell-checker-1.8.0: streetsidesoftware.code-spell-checker
[2020-03-16 13:01:05.139] [sharedprocess] [info] Renamed to /home/pisceskkk/.vscode-oss/extensions/streetsidesoftware.code-spell-checker-1.8.0
[2020-03-16 13:01:05.140] [sharedprocess] [info] Installation completed. streetsidesoftware.code-spell-checker
[2020-03-16 13:01:05.145] [sharedprocess] [info] Extensions installed successfully: streetsidesoftware.code-spell-checker
[2020-03-16 13:01:06.988] [sharedprocess] [info] Installing extension: naumovs.color-highlight
[2020-03-16 13:01:10.070] [sharedprocess] [info] Downloaded extension: naumovs.color-highlight /tmp/37d40e1c-45e6-4aa8-807b-e06a55c9c4c6
[2020-03-16 13:01:10.176] [sharedprocess] [info] Extracted extension to /home/pisceskkk/.vscode-oss/extensions/.naumovs.color-highlight-2.3.0: naumovs.color-highlight
[2020-03-16 13:01:10.176] [sharedprocess] [info] Renamed to /home/pisceskkk/.vscode-oss/extensions/naumovs.color-highlight-2.3.0
[2020-03-16 13:01:10.177] [sharedprocess] [info] Installation completed. naumovs.color-highlight
[2020-03-16 13:01:10.182] [sharedprocess] [info] Extensions installed successfully: naumovs.color-highlight
[2020-03-16 13:01:11.807] [sharedprocess] [info] Installing extension: ms-vscode.cpptools
[2020-03-16 13:01:13.980] [sharedprocess] [info] Downloaded extension: ms-vscode.cpptools /tmp/73a767ed-75d1-464b-87b9-dd8e12755d29
[2020-03-16 13:16:05.286] [sharedprocess] [info] Extracted extension to /home/pisceskkk/.vscode-oss/extensions/.ms-vscode.cpptools-0.26.3: ms-vscode.cpptools
[2020-03-16 13:16:05.287] [sharedprocess] [info] Renamed to /home/pisceskkk/.vscode-oss/extensions/ms-vscode.cpptools-0.26.3
[2020-03-16 13:16:05.288] [sharedprocess] [info] Installation completed. ms-vscode.cpptools
[2020-03-16 13:16:05.295] [sharedprocess] [info] Extensions installed successfully: ms-vscode.cpptools
[2020-03-16 13:16:06.363] [sharedprocess] [info] Installing extension: grapecity.gc-excelviewer
[2020-03-16 13:16:08.059] [sharedprocess] [info] Downloaded extension: grapecity.gc-excelviewer /tmp/e3c55e18-b83f-4ba1-9b6a-a0c5fe146c70
[2020-03-16 13:16:08.215] [sharedprocess] [info] Extracted extension to /home/pisceskkk/.vscode-oss/extensions/.grapecity.gc-excelviewer-2.1.34: grapecity.gc-excelviewer
[2020-03-16 13:16:08.215] [sharedprocess] [info] Renamed to /home/pisceskkk/.vscode-oss/extensions/grapecity.gc-excelviewer-2.1.34
[2020-03-16 13:16:08.216] [sharedprocess] [info] Installation completed. grapecity.gc-excelviewer
[2020-03-16 13:16:08.220] [sharedprocess] [info] Extensions installed successfully: grapecity.gc-excelviewer
[2020-03-16 13:16:11.695] [sharedprocess] [info] Installing extension: eamodio.gitlens
[2020-03-16 13:16:14.422] [sharedprocess] [info] Downloaded extension: eamodio.gitlens /tmp/edd2d196-d678-4683-ab42-fdeca38e8f0d
[2020-03-16 13:16:14.589] [sharedprocess] [info] Extracted extension to /home/pisceskkk/.vscode-oss/extensions/.eamodio.gitlens-10.2.1: eamodio.gitlens
[2020-03-16 13:16:14.589] [sharedprocess] [info] Renamed to /home/pisceskkk/.vscode-oss/extensions/eamodio.gitlens-10.2.1
[2020-03-16 13:16:14.593] [sharedprocess] [info] Installation completed. eamodio.gitlens
[2020-03-16 13:16:14.601] [sharedprocess] [info] Extensions installed successfully: eamodio.gitlens
[2020-03-16 13:16:15.900] [sharedprocess] [info] Installing extension: tht13.html-preview-vscode
[2020-03-16 13:16:17.299] [sharedprocess] [info] Downloaded extension: tht13.html-preview-vscode /tmp/b8d4707a-ecf6-4983-bd8e-fa5e5c8af425
[2020-03-16 13:16:17.773] [sharedprocess] [info] Extracted extension to /home/pisceskkk/.vscode-oss/extensions/.tht13.html-preview-vscode-0.2.5: tht13.html-preview-vscode
[2020-03-16 13:16:17.773] [sharedprocess] [info] Renamed to /home/pisceskkk/.vscode-oss/extensions/tht13.html-preview-vscode-0.2.5
[2020-03-16 13:16:17.773] [sharedprocess] [info] Installation completed. tht13.html-preview-vscode
[2020-03-16 13:16:17.780] [sharedprocess] [info] Extensions installed successfully: tht13.html-preview-vscode
[2020-03-16 13:16:20.653] [sharedprocess] [info] Installing extension: james-yu.latex-workshop
[2020-03-16 13:16:30.027] [sharedprocess] [info] Downloaded extension: james-yu.latex-workshop /tmp/a31dcfd6-6fe0-47ae-90c1-aad9bd7dadf6
[2020-03-16 13:26:06.708] [sharedprocess] [info] Extracted extension to /home/pisceskkk/.vscode-oss/extensions/.james-yu.latex-workshop-8.7.2: james-yu.latex-workshop
[2020-03-16 13:26:06.708] [sharedprocess] [info] Renamed to /home/pisceskkk/.vscode-oss/extensions/james-yu.latex-workshop-8.7.2
[2020-03-16 13:26:06.710] [sharedprocess] [info] Installation completed. james-yu.latex-workshop
[2020-03-16 13:26:06.720] [sharedprocess] [info] Extensions installed successfully: james-yu.latex-workshop
[2020-03-16 13:26:09.677] [sharedprocess] [info] Installing extension: yzhang.markdown-all-in-one
[2020-03-16 13:26:13.456] [sharedprocess] [info] Downloaded extension: yzhang.markdown-all-in-one /tmp/03ddcdcb-89af-49bf-bd24-44bdd9c3b1eb
[2020-03-16 13:26:13.797] [sharedprocess] [info] Extracted extension to /home/pisceskkk/.vscode-oss/extensions/.yzhang.markdown-all-in-one-2.7.0: yzhang.markdown-all-in-one
[2020-03-16 13:26:13.798] [sharedprocess] [info] Renamed to /home/pisceskkk/.vscode-oss/extensions/yzhang.markdown-all-in-one-2.7.0
[2020-03-16 13:26:13.798] [sharedprocess] [info] Installation completed. yzhang.markdown-all-in-one
[2020-03-16 13:26:13.805] [sharedprocess] [info] Extensions installed successfully: yzhang.markdown-all-in-one
[2020-03-16 13:26:14.739] [sharedprocess] [info] Installing extension: felixfbecker.php-debug
[2020-03-16 13:26:17.154] [sharedprocess] [info] Downloaded extension: felixfbecker.php-debug /tmp/01635932-9b46-4902-bbc8-78e78a9d1955
[2020-03-16 13:31:05.329] [sharedprocess] [info] Extracted extension to /home/pisceskkk/.vscode-oss/extensions/.felixfbecker.php-debug-1.13.0: felixfbecker.php-debug
[2020-03-16 13:31:05.330] [sharedprocess] [info] Renamed to /home/pisceskkk/.vscode-oss/extensions/felixfbecker.php-debug-1.13.0
[2020-03-16 13:31:05.334] [sharedprocess] [info] Installation completed. felixfbecker.php-debug
[2020-03-16 13:31:05.363] [sharedprocess] [info] Extensions installed successfully: felixfbecker.php-debug
[2020-03-16 13:31:06.258] [sharedprocess] [info] Installing extension: felixfbecker.php-intellisense
[2020-03-16 13:31:08.084] [sharedprocess] [info] Downloaded extension: felixfbecker.php-intellisense /tmp/10827a40-cd24-4bdb-8a94-5b36ea66f470
[2020-03-16 13:36:05.430] [sharedprocess] [info] Extracted extension to /home/pisceskkk/.vscode-oss/extensions/.felixfbecker.php-intellisense-2.3.14: felixfbecker.php-intellisense
[2020-03-16 13:36:05.430] [sharedprocess] [info] Renamed to /home/pisceskkk/.vscode-oss/extensions/felixfbecker.php-intellisense-2.3.14
[2020-03-16 13:36:05.431] [sharedprocess] [info] Installation completed. felixfbecker.php-intellisense
[2020-03-16 13:36:05.435] [sharedprocess] [info] Extensions installed successfully: felixfbecker.php-intellisense
[2020-03-16 13:36:06.417] [sharedprocess] [info] Installing extension: psioniq.psi-header
[2020-03-16 13:36:09.772] [sharedprocess] [info] Downloaded extension: psioniq.psi-header /tmp/1639f675-a52e-46db-9c46-1c584686bff8
[2020-03-16 13:36:10.214] [sharedprocess] [info] Extracted extension to /home/pisceskkk/.vscode-oss/extensions/.psioniq.psi-header-1.9.1: psioniq.psi-header
[2020-03-16 13:36:10.214] [sharedprocess] [info] Renamed to /home/pisceskkk/.vscode-oss/extensions/psioniq.psi-header-1.9.1
[2020-03-16 13:36:10.215] [sharedprocess] [info] Installation completed. psioniq.psi-header
[2020-03-16 13:36:10.220] [sharedprocess] [info] Extensions installed successfully: psioniq.psi-header
[2020-03-16 13:36:10.636] [sharedprocess] [info] Installing extension: ms-python.python
[2020-03-16 13:36:18.351] [sharedprocess] [info] Downloaded extension: ms-python.python /tmp/30d4481c-f4b8-4509-b7da-8f3f72e912dd
[2020-03-16 14:01:05.766] [sharedprocess] [info] Extracted extension to /home/pisceskkk/.vscode-oss/extensions/.ms-python.python-2020.2.64397: ms-python.python
[2020-03-16 14:01:05.766] [sharedprocess] [info] Renamed to /home/pisceskkk/.vscode-oss/extensions/ms-python.python-2020.2.64397
[2020-03-16 14:01:05.768] [sharedprocess] [info] Installation completed. ms-python.python
[2020-03-16 14:01:05.777] [sharedprocess] [info] Extensions installed successfully: ms-python.python
[2020-03-16 14:01:06.286] [sharedprocess] [info] Installing extension: mechatroner.rainbow-csv
[2020-03-16 14:01:09.338] [sharedprocess] [info] Downloaded extension: mechatroner.rainbow-csv /tmp/a0efaccd-4f79-4848-ac52-7d359d0c6fa3
[2020-03-16 14:01:09.360] [sharedprocess] [info] Extracted extension to /home/pisceskkk/.vscode-oss/extensions/.mechatroner.rainbow-csv-1.6.0: mechatroner.rainbow-csv
[2020-03-16 14:01:09.360] [sharedprocess] [info] Renamed to /home/pisceskkk/.vscode-oss/extensions/mechatroner.rainbow-csv-1.6.0
[2020-03-16 14:01:09.361] [sharedprocess] [info] Installation completed. mechatroner.rainbow-csv
[2020-03-16 14:01:09.364] [sharedprocess] [info] Extensions installed successfully: mechatroner.rainbow-csv
[2020-03-16 14:01:09.627] [sharedprocess] [info] Installing extension: ms-vscode-remote.remote-ssh
[2020-03-16 14:01:10.464] [sharedprocess] [info] Downloaded extension: ms-vscode-remote.remote-ssh /tmp/9ca5217f-b783-46c5-8280-6bdb539601ff
[2020-03-16 14:01:10.543] [sharedprocess] [info] Extracted extension to /home/pisceskkk/.vscode-oss/extensions/.ms-vscode-remote.remote-ssh-0.49.0: ms-vscode-remote.remote-ssh
[2020-03-16 14:01:10.543] [sharedprocess] [info] Renamed to /home/pisceskkk/.vscode-oss/extensions/ms-vscode-remote.remote-ssh-0.49.0
[2020-03-16 14:01:10.543] [sharedprocess] [info] Installation completed. ms-vscode-remote.remote-ssh
[2020-03-16 14:01:11.377] [sharedprocess] [info] Installing extension: ms-vscode-remote.remote-ssh-edit
[2020-03-16 14:01:11.799] [sharedprocess] [info] Downloaded extension: ms-vscode-remote.remote-ssh-edit /tmp/a6025641-6352-46a1-bd27-d76a87bb22d4
[2020-03-16 14:01:11.833] [sharedprocess] [info] Extracted extension to /home/pisceskkk/.vscode-oss/extensions/.ms-vscode-remote.remote-ssh-edit-0.50.0: ms-vscode-remote.remote-ssh-edit
[2020-03-16 14:01:11.833] [sharedprocess] [info] Renamed to /home/pisceskkk/.vscode-oss/extensions/ms-vscode-remote.remote-ssh-edit-0.50.0
[2020-03-16 14:01:11.835] [sharedprocess] [info] Installation completed. ms-vscode-remote.remote-ssh-edit
[2020-03-16 14:01:11.841] [sharedprocess] [info] Extensions installed successfully: ms-vscode-remote.remote-ssh-edit
[2020-03-16 14:01:11.842] [sharedprocess] [info] Extensions installed successfully: ms-vscode-remote.remote-ssh
[2020-03-16 14:01:12.915] [sharedprocess] [info] Installing extension: ms-vscode-remote.remote-ssh-edit
[2020-03-16 14:01:13.328] [sharedprocess] [info] Downloaded extension: ms-vscode-remote.remote-ssh-edit /tmp/81d6d3db-f42b-43e3-a0ab-7e7f9202d61f
[2020-03-16 14:01:13.376] [sharedprocess] [info] Extracted extension to /home/pisceskkk/.vscode-oss/extensions/.ms-vscode-remote.remote-ssh-edit-0.50.0: ms-vscode-remote.remote-ssh-edit
[2020-03-16 14:01:13.376] [sharedprocess] [info] Renamed to /home/pisceskkk/.vscode-oss/extensions/ms-vscode-remote.remote-ssh-edit-0.50.0
[2020-03-16 14:01:13.378] [sharedprocess] [info] Installation completed. ms-vscode-remote.remote-ssh-edit
[2020-03-16 14:01:13.386] [sharedprocess] [info] Extensions installed successfully: ms-vscode-remote.remote-ssh-edit
[2020-03-16 14:01:17.326] [sharedprocess] [info] Installing extension: ms-vscode-remote.remote-wsl
[2020-03-16 14:01:17.762] [sharedprocess] [info] Downloaded extension: ms-vscode-remote.remote-wsl /tmp/fb44706d-682e-4a92-a7c0-f93940f0926b
[2020-03-16 14:01:17.837] [sharedprocess] [info] Extracted extension to /home/pisceskkk/.vscode-oss/extensions/.ms-vscode-remote.remote-wsl-0.42.3: ms-vscode-remote.remote-wsl
[2020-03-16 14:01:17.837] [sharedprocess] [info] Renamed to /home/pisceskkk/.vscode-oss/extensions/ms-vscode-remote.remote-wsl-0.42.3
[2020-03-16 14:01:17.837] [sharedprocess] [info] Installation completed. ms-vscode-remote.remote-wsl
[2020-03-16 14:01:17.841] [sharedprocess] [info] Extensions installed successfully: ms-vscode-remote.remote-wsl
[2020-03-16 14:01:56.471] [sharedprocess] [info] Installing extension: tabnine.tabnine-vscode
[2020-03-16 14:02:13.279] [sharedprocess] [info] Downloaded extension: tabnine.tabnine-vscode /tmp/c8b4e46e-aa54-4e27-88ed-73c2a087e694
[2020-03-16 14:02:13.975] [sharedprocess] [info] Extracted extension to /home/pisceskkk/.vscode-oss/extensions/.tabnine.tabnine-vscode-2.5.1: tabnine.tabnine-vscode
[2020-03-16 14:02:13.975] [sharedprocess] [info] Renamed to /home/pisceskkk/.vscode-oss/extensions/tabnine.tabnine-vscode-2.5.1
[2020-03-16 14:02:13.975] [sharedprocess] [info] Installation completed. tabnine.tabnine-vscode
[2020-03-16 14:02:13.981] [sharedprocess] [info] Extensions installed successfully: tabnine.tabnine-vscode
[2020-03-16 14:02:16.326] [sharedprocess] [info] Installing extension: vscodevim.vim
[2020-03-16 14:02:18.162] [sharedprocess] [info] Downloaded extension: vscodevim.vim /tmp/775b2423-1250-4d44-907f-348394b76f5b
[2020-03-16 14:06:06.700] [sharedprocess] [info] Extracted extension to /home/pisceskkk/.vscode-oss/extensions/.vscodevim.vim-1.13.0: vscodevim.vim
[2020-03-16 14:06:06.700] [sharedprocess] [info] Renamed to /home/pisceskkk/.vscode-oss/extensions/vscodevim.vim-1.13.0
[2020-03-16 14:06:06.701] [sharedprocess] [info] Installation completed. vscodevim.vim
[2020-03-16 14:06:06.715] [sharedprocess] [info] Extensions installed successfully: vscodevim.vim
[2020-03-16 14:07:02.817] [sharedprocess] [info] Installing extension: vscode-icons-team.vscode-icons
[2020-03-16 14:07:03.973] [sharedprocess] [info] Downloaded extension: vscode-icons-team.vscode-icons /tmp/e3b23cb8-62b6-4a76-8ae3-cc3a68a3b5cb
[2020-03-16 14:07:04.375] [sharedprocess] [info] Extracted extension to /home/pisceskkk/.vscode-oss/extensions/.vscode-icons-team.vscode-icons-10.0.0: vscode-icons-team.vscode-icons
[2020-03-16 14:07:04.375] [sharedprocess] [info] Renamed to /home/pisceskkk/.vscode-oss/extensions/vscode-icons-team.vscode-icons-10.0.0
[2020-03-16 14:07:04.377] [sharedprocess] [info] Installation completed. vscode-icons-team.vscode-icons
[2020-03-16 14:07:04.384] [sharedprocess] [info] Extensions installed successfully: vscode-icons-team.vscode-icons
[2020-03-16 14:07:04.787] [sharedprocess] [info] Installing extension: ms-ceintl.vscode-language-pack-zh-hans
[2020-03-16 14:07:05.415] [sharedprocess] [info] Downloaded extension: ms-ceintl.vscode-language-pack-zh-hans /tmp/3e179ae8-682f-42ef-9c2d-f9ffc87504f2
[2020-03-16 14:07:05.468] [sharedprocess] [info] Extracted extension to /home/pisceskkk/.vscode-oss/extensions/.ms-ceintl.vscode-language-pack-zh-hans-1.42.2: ms-ceintl.vscode-language-pack-zh-hans
[2020-03-16 14:07:05.469] [sharedprocess] [info] Renamed to /home/pisceskkk/.vscode-oss/extensions/ms-ceintl.vscode-language-pack-zh-hans-1.42.2
[2020-03-16 14:07:05.469] [sharedprocess] [info] Installation completed. ms-ceintl.vscode-language-pack-zh-hans
[2020-03-16 14:07:05.475] [sharedprocess] [info] Extensions installed successfully: ms-ceintl.vscode-language-pack-zh-hans
[2020-03-16 14:07:06.989] [sharedprocess] [info] Installing extension: davidanson.vscode-markdownlint
[2020-03-16 14:07:08.933] [sharedprocess] [info] Downloaded extension: davidanson.vscode-markdownlint /tmp/83dd6162-7c09-4722-ba03-0ef7d5268a14
[2020-03-16 14:07:08.984] [sharedprocess] [info] Extracted extension to /home/pisceskkk/.vscode-oss/extensions/.davidanson.vscode-markdownlint-0.34.0: davidanson.vscode-markdownlint
[2020-03-16 14:07:08.984] [sharedprocess] [info] Renamed to /home/pisceskkk/.vscode-oss/extensions/davidanson.vscode-markdownlint-0.34.0
[2020-03-16 14:07:08.989] [sharedprocess] [info] Installation completed. davidanson.vscode-markdownlint
[2020-03-16 14:07:09.000] [sharedprocess] [info] Extensions installed successfully: davidanson.vscode-markdownlint
[2020-03-16 14:07:09.917] [sharedprocess] [info] Installing extension: wakatime.vscode-wakatime
[2020-03-16 14:07:11.841] [sharedprocess] [info] Downloaded extension: wakatime.vscode-wakatime /tmp/3ba6fc52-2562-4751-a8d7-e8fe56528ead
[2020-03-16 14:07:11.890] [sharedprocess] [info] Extracted extension to /home/pisceskkk/.vscode-oss/extensions/.wakatime.vscode-wakatime-4.0.0: wakatime.vscode-wakatime
[2020-03-16 14:07:11.890] [sharedprocess] [info] Renamed to /home/pisceskkk/.vscode-oss/extensions/wakatime.vscode-wakatime-4.0.0
[2020-03-16 14:07:11.890] [sharedprocess] [info] Installation completed. wakatime.vscode-wakatime
[2020-03-16 14:07:11.895] [sharedprocess] [info] Extensions installed successfully: wakatime.vscode-wakatime
